<?xml version="1.0" encoding="UTF-8"?>
<!-- Generated by org.testng.reporters.JUnitReportReporter -->
<testsuite hostname="Arsheera" failures="0" tests="4" name="testRunner.runnerfile" time="42.475" errors="0" timestamp="2024-03-29T10:26:48 CET" skipped="0">
  <testcase classname="testRunner.runnerfile" name="runScenario" time="12.747"/>
  <system-out/>
  <testcase classname="testRunner.runnerfile" name="runScenario" time="9.253"/>
  <system-out/>
  <testcase classname="testRunner.runnerfile" name="runScenario" time="6.127"/>
  <system-out/>
  <testcase classname="testRunner.runnerfile" name="runScenario" time="14.348"/>
  <system-out/>
</testsuite> <!-- testRunner.runnerfile -->
