<?xml version="1.0" encoding="UTF-8"?>
<!-- Generated by org.testng.reporters.JUnitReportReporter -->
<testsuite hostname="Arsheera" failures="0" tests="1" name="testRunner.runnerfile" time="15.282" errors="0" timestamp="2024-04-11T09:42:46 CEST" skipped="0">
  <testcase classname="testRunner.runnerfile" name="runScenario" time="15.282"/>
  <system-out/>
</testsuite> <!-- testRunner.runnerfile -->
