<?xml version="1.0" encoding="UTF-8"?>
<!-- Generated by org.testng.reporters.JUnitReportReporter -->
<testsuite hostname="Arsheera" failures="0" tests="1" name="testRunner.runnerfile" time="19.252" errors="0" timestamp="2024-07-04T12:21:00 CEST" skipped="0">
  <testcase classname="testRunner.runnerfile" name="runScenario" time="19.252"/>
  <system-out/>
</testsuite> <!-- testRunner.runnerfile -->
