<?xml version="1.0" encoding="UTF-8"?>
<!-- Generated by org.testng.reporters.JUnitReportReporter -->
<testsuite hostname="Arsheera" failures="0" tests="1" name="testRunner.runnerfile" time="9.736" errors="0" timestamp="2024-03-28T13:47:50 CET" skipped="0">
  <testcase classname="testRunner.runnerfile" name="runScenario" time="9.736"/>
  <system-out/>
</testsuite> <!-- testRunner.runnerfile -->
